<?xml version="1.0" encoding="UTF-8"?>
<!-- Generated by org.testng.reporters.JUnitXMLReporter -->
<testsuite hostname="DELL-PC" ignored="0" name="Default test" tests="4" failures="0" timestamp="01 Oct 2022 07:51:09 GMT" time="0.059" errors="0">
  <testcase name="test1" time="0.018" classname="grouping.testng.Grouping"/>
  <testcase name="test2" time="0.002" classname="grouping.testng.Grouping"/>
  <testcase name="test3" time="0.002" classname="grouping.testng.Grouping"/>
  <testcase name="test4" time="0.001" classname="grouping.testng.Grouping"/>
</testsuite> <!-- Default test -->
