<?xml version="1.0" encoding="UTF-8"?>
<!-- Generated by org.testng.reporters.JUnitXMLReporter -->
<testsuite hostname="DELL-PC" ignored="2" name="Test" tests="2" failures="0" timestamp="01 Oct 2022 08:37:25 GMT" time="0.049" errors="0">
  <testcase name="test1" time="0.016" classname="grouping.testng.Grouping"/>
  <testcase name="test3" time="0.002" classname="grouping.testng.Grouping"/>
  <testcase name="test2" time="0.0" classname="grouping.testng.Grouping">
    <ignored/>
  </testcase> <!-- test2 -->
  <testcase name="test4" time="0.0" classname="grouping.testng.Grouping">
    <ignored/>
  </testcase> <!-- test4 -->
</testsuite> <!-- Test -->
